빌드 시작: 2013-08-06 오후 7:29:16
     1>2 노드의 "C:\Users\Subin\Desktop\OSS\MFC\Opening\Opening\Opening.vcxproj" 프로젝트(build 대상)입니다.
     1>InitializeBuildStatus:
         "AlwaysCreate"이(가) 지정되었기 때문에 "Debug\Opening.unsuccessfulbuild"을(를) 만들고 있습니다.
       ClCompile:
         모든 출력이 최신 상태입니다.
         C:\Program Files (x86)\Microsoft Visual Studio 10.0\VC\bin\CL.exe /c /ZI /nologo /W3 /WX- /Od /Oy- /D WIN32 /D _WINDOWS /D _DEBUG /D _MBCS /D _AFXDLL /Gm /EHsc /RTC1 /MDd /GS /fp:precise /Zc:wchar_t /Zc:forScope /Yu"StdAfx.h" /Fp"Debug\Opening.pch" /Fo"Debug\\" /Fd"Debug\vc100.pdb" /Gd /TP /analyze- /errorReport:prompt MainFrm.cpp
         MainFrm.cpp
       ResourceCompile:
         모든 출력이 최신 상태입니다.
       ManifestResourceCompile:
         모든 출력이 최신 상태입니다.
       Link:
         C:\Program Files (x86)\Microsoft Visual Studio 10.0\VC\bin\link.exe /ERRORREPORT:PROMPT /OUT:"C:\Users\Subin\Desktop\OSS\MFC\Opening\Debug\Opening.exe" /INCREMENTAL /NOLOGO /MANIFEST /ManifestFile:"Debug\Opening.exe.intermediate.manifest" /MANIFESTUAC:"level='asInvoker' uiAccess='false'" /DEBUG /PDB:"C:\Users\Subin\Desktop\OSS\MFC\Opening\Debug\Opening.pdb" /SUBSYSTEM:WINDOWS /TLBID:1 /DYNAMICBASE /NXCOMPAT /IMPLIB:"C:\Users\Subin\Desktop\OSS\MFC\Opening\Debug\Opening.lib" /MACHINE:X86 Debug\Opening.res
         Debug\Opening.exe.embed.manifest.res
         Debug\HomeView.obj
         Debug\MainFrm.obj
         Debug\Opening.obj
         Debug\OpeningDoc.obj
         Debug\OpeningView.obj
         Debug\stdafx.obj
       Manifest:
         C:\Program Files (x86)\Microsoft SDKs\Windows\v7.0A\bin\mt.exe /nologo /verbose /out:"Debug\Opening.exe.embed.manifest" /manifest Debug\Opening.exe.intermediate.manifest "C:\Program Files (x86)\Microsoft Visual Studio 10.0\VC\Include\Manifest\dpiaware.manifest"
         모든 출력이 최신 상태입니다.
       LinkEmbedManifest:
         모든 출력이 최신 상태입니다.
         Opening.vcxproj -> C:\Users\Subin\Desktop\OSS\MFC\Opening\Debug\Opening.exe
       FinalizeBuildStatus:
         "Debug\Opening.unsuccessfulbuild" 파일을 삭제하고 있습니다.
         "Debug\Opening.lastbuildstate"에 연결(touching)하고 있습니다.
     1>"C:\Users\Subin\Desktop\OSS\MFC\Opening\Opening\Opening.vcxproj" 프로젝트를 빌드했습니다(build 대상).

빌드했습니다.

경과 시간: 00:00:01.28
